[0628/193740.375:ERROR:process_memory_win.cc(73)] ReadMemory at 0x7ff682850000 of 64 bytes failed: Only part of a ReadProcessMemory or WriteProcessMemory request was completed. (0x12B)
[0628/193741.361:WARNING:pe_image_reader.cc(340)] could not read dos header from C:\Program Files (x86)\Google\Chrome\Application\chrome.exe
[0628/193741.361:ERROR:process_memory_win.cc(73)] ReadMemory at 0x7ff84a800000 of 64 bytes failed: Only part of a ReadProcessMemory or WriteProcessMemory request was completed. (0x12B)
[0628/193741.361:WARNING:pe_image_reader.cc(340)] could not read dos header from C:\WINDOWS\SYSTEM32\ntdll.dll
[0628/193741.361:ERROR:process_memory_win.cc(73)] ReadMemory at 0x7ff849b70000 of 64 bytes failed: Only part of a ReadProcessMemory or WriteProcessMemory request was completed. (0x12B)
[0628/193741.362:WARNING:pe_image_reader.cc(340)] could not read dos header from C:\WINDOWS\System32\KERNEL32.DLL
[0628/193741.362:ERROR:process_memory_win.cc(73)] ReadMemory at 0x7ff847b30000 of 64 bytes failed: Only part of a ReadProcessMemory or WriteProcessMemory request was completed. (0x12B)
[0628/193741.362:WARNING:pe_image_reader.cc(340)] could not read dos header from C:\WINDOWS\System32\KERNELBASE.dll
[0628/193741.363:ERROR:process_memory_win.cc(73)] ReadMemory at 0x7ff82d9c0000 of 64 bytes failed: Only part of a ReadProcessMemory or WriteProcessMemory request was completed. (0x12B)
[0628/193741.363:WARNING:pe_image_reader.cc(340)] could not read dos header from C:\Program Files (x86)\Google\Chrome\Application\83.0.4103.116\chrome_elf.dll
[0628/193741.363:ERROR:process_memory_win.cc(73)] ReadMemory at 0x7ff842400000 of 64 bytes failed: Only part of a ReadProcessMemory or WriteProcessMemory request was completed. (0x12B)
[0628/193741.363:WARNING:pe_image_reader.cc(340)] could not read dos header from C:\WINDOWS\SYSTEM32\VERSION.dll
[0628/193741.363:ERROR:process_memory_win.cc(73)] ReadMemory at 0x7ff849ab0000 of 64 bytes failed: Only part of a ReadProcessMemory or WriteProcessMemory request was completed. (0x12B)
[0628/193741.363:WARNING:pe_image_reader.cc(340)] could not read dos header from C:\WINDOWS\System32\msvcrt.dll
[0628/193741.363:ERROR:process_memory_win.cc(73)] ReadMemory at 0x7ff847930000 of 64 bytes failed: Only part of a ReadProcessMemory or WriteProcessMemory request was completed. (0x12B)
[0628/193741.363:WARNING:pe_image_reader.cc(340)] could not read dos header from C:\WINDOWS\System32\bcryptPrimitives.dll
[0628/193741.363:ERROR:process_memory_win.cc(73)] ReadMemory at 0x7ff848b10000 of 64 bytes failed: Only part of a ReadProcessMemory or WriteProcessMemory request was completed. (0x12B)
[0628/193741.363:WARNING:pe_image_reader.cc(340)] could not read dos header from C:\WINDOWS\System32\ADVAPI32.dll
[0628/193741.363:ERROR:process_memory_win.cc(73)] ReadMemory at 0x7ff848c30000 of 64 bytes failed: Only part of a ReadProcessMemory or WriteProcessMemory request was completed. (0x12B)
[0628/193741.363:WARNING:pe_image_reader.cc(340)] could not read dos header from C:\WINDOWS\System32\sechost.dll
[0628/193741.363:ERROR:process_memory_win.cc(73)] ReadMemory at 0x7ff8489f0000 of 64 bytes failed: Only part of a ReadProcessMemory or WriteProcessMemory request was completed. (0x12B)
[0628/193741.363:WARNING:pe_image_reader.cc(340)] could not read dos header from C:\WINDOWS\System32\RPCRT4.dll
[0628/193741.364:ERROR:process_memory_win.cc(73)] ReadMemory at 0x7ffff4c00000 of 64 bytes failed: Only part of a ReadProcessMemory or WriteProcessMemory request was completed. (0x12B)
[0628/193741.364:WARNING:pe_image_reader.cc(340)] could not read dos header from C:\Program Files (x86)\Google\Chrome\Application\83.0.4103.116\chrome.dll
[0628/193741.364:ERROR:process_memory_win.cc(73)] ReadMemory at 0x7ff849d60000 of 64 bytes failed: Only part of a ReadProcessMemory or WriteProcessMemory request was completed. (0x12B)
[0628/193741.364:WARNING:pe_image_reader.cc(340)] could not read dos header from C:\WINDOWS\System32\WS2_32.dll
[0628/193741.364:ERROR:process_memory_win.cc(73)] ReadMemory at 0x13bbbb90000 of 64 bytes failed: Only part of a ReadProcessMemory or WriteProcessMemory request was completed. (0x12B)
[0628/193741.364:WARNING:pe_image_reader.cc(340)] could not read dos header from C:\WINDOWS\System32\OLEAUT32.dll
[0628/193741.364:ERROR:process_memory_win.cc(73)] ReadMemory at 0x7ff847e30000 of 64 bytes failed: Only part of a ReadProcessMemory or WriteProcessMemory request was completed. (0x12B)
[0628/193741.364:WARNING:pe_image_reader.cc(340)] could not read dos header from C:\WINDOWS\System32\msvcp_win.dll
[0628/193741.364:ERROR:process_memory_win.cc(73)] ReadMemory at 0x7ff848780000 of 64 bytes failed: Only part of a ReadProcessMemory or WriteProcessMemory request was completed. (0x12B)
[0628/193741.364:WARNING:pe_image_reader.cc(340)] could not read dos header from C:\WINDOWS\System32\ucrtbase.dll
[0628/193741.364:ERROR:process_memory_win.cc(73)] ReadMemory at 0x7ff849eb0000 of 64 bytes failed: Only part of a ReadProcessMemory or WriteProcessMemory request was completed. (0x12B)
[0628/193741.364:WARNING:pe_image_reader.cc(340)] could not read dos header from C:\WINDOWS\System32\combase.dll
[0628/193741.364:ERROR:process_memory_win.cc(73)] ReadMemory at 0x7ff848720000 of 64 bytes failed: Only part of a ReadProcessMemory or WriteProcessMemory request was completed. (0x12B)
[0628/193741.364:WARNING:pe_image_reader.cc(340)] could not read dos header from C:\WINDOWS\System32\WINTRUST.dll
[0628/193741.364:ERROR:process_memory_win.cc(73)] ReadMemory at 0x7ff847740000 of 64 bytes failed: Only part of a ReadProcessMemory or WriteProcessMemory request was completed. (0x12B)
[0628/193741.364:WARNING:pe_image_reader.cc(340)] could not read dos header from C:\WINDOWS\System32\MSASN1.dll
[0628/193741.364:ERROR:process_memory_win.cc(73)] ReadMemory at 0x7ff8479b0000 of 64 bytes failed: Only part of a ReadProcessMemory or WriteProcessMemory request was completed. (0x12B)
[0628/193741.364:WARNING:pe_image_reader.cc(340)] could not read dos header from C:\WINDOWS\System32\CRYPT32.dll
[0628/193741.364:ERROR:process_memory_win.cc(73)] ReadMemory at 0x7ff846be0000 of 64 bytes failed: Only part of a ReadProcessMemory or WriteProcessMemory request was completed. (0x12B)
[0628/193741.364:WARNING:pe_image_reader.cc(340)] could not read dos header from C:\WINDOWS\SYSTEM32\IPHLPAPI.DLL
[0628/193741.365:ERROR:process_memory_win.cc(73)] ReadMemory at 0x7ff841d10000 of 64 bytes failed: Only part of a ReadProcessMemory or WriteProcessMemory request was completed. (0x12B)
[0628/193741.365:WARNING:pe_image_reader.cc(340)] could not read dos header from C:\WINDOWS\SYSTEM32\WINMM.dll
[0628/193741.365:ERROR:process_memory_win.cc(73)] ReadMemory at 0x7ff829a00000 of 64 bytes failed: Only part of a ReadProcessMemory or WriteProcessMemory request was completed. (0x12B)
[0628/193741.365:WARNING:pe_image_reader.cc(340)] could not read dos header from C:\WINDOWS\SYSTEM32\Secur32.dll
[0628/193741.365:ERROR:process_memory_win.cc(73)] ReadMemory at 0x7ff8475e0000 of 64 bytes failed: Only part of a ReadProcessMemory or WriteProcessMemory request was completed. (0x12B)
[0628/193741.365:WARNING:pe_image_reader.cc(340)] could not read dos header from C:\WINDOWS\SYSTEM32\USERENV.dll
[0628/193741.365:ERROR:process_memory_win.cc(73)] ReadMemory at 0x7ff847760000 of 64 bytes failed: Only part of a ReadProcessMemory or WriteProcessMemory request was completed. (0x12B)
[0628/193741.365:WARNING:pe_image_reader.cc(340)] could not read dos header from C:\WINDOWS\System32\profapi.dll
[0628/193741.365:ERROR:process_memory_win.cc(73)] ReadMemory at 0x7ff823790000 of 64 bytes failed: Only part of a ReadProcessMemory or WriteProcessMemory request was completed. (0x12B)
[0628/193741.365:WARNING:pe_image_reader.cc(340)] could not read dos header from C:\WINDOWS\SYSTEM32\UIAutomationCore.DLL
[0628/193741.365:ERROR:process_memory_win.cc(73)] ReadMemory at 0x7ff83ff90000 of 64 bytes failed: Only part of a ReadProcessMemory or WriteProcessMemory request was completed. (0x12B)
[0628/193741.365:WARNING:pe_image_reader.cc(340)] could not read dos header from C:\WINDOWS\SYSTEM32\DWrite.dll
[0628/193741.365:ERROR:process_memory_win.cc(73)] ReadMemory at 0x7ff824220000 of 64 bytes failed: Only part of a ReadProcessMemory or WriteProcessMemory request was completed. (0x12B)
[0628/193741.365:WARNING:pe_image_reader.cc(340)] could not read dos header from C:\WINDOWS\SYSTEM32\WINSPOOL.DRV
[0628/193741.365:ERROR:process_memory_win.cc(73)] ReadMemory at 0x7ff847720000 of 64 bytes failed: Only part of a ReadProcessMemory or WriteProcessMemory request was completed. (0x12B)
[0628/193741.365:WARNING:pe_image_reader.cc(340)] could not read dos header from C:\WINDOWS\System32\kernel.appcore.dll
[0628/193741.365:ERROR:process_memory_win.cc(73)] ReadMemory at 0x7ff848880000 of 64 bytes failed: Only part of a ReadProcessMemory or WriteProcessMemory request was completed. (0x12B)
[0628/193741.365:WARNING:pe_image_reader.cc(340)] could not read dos header from C:\WINDOWS\System32\bcrypt.dll
[0628/193741.365:ERROR:process_memory_win.cc(73)] ReadMemory at 0x7ff846050000 of 64 bytes failed: Only part of a ReadProcessMemory or WriteProcessMemory request was completed. (0x12B)
[0628/193741.365:WARNING:pe_image_reader.cc(340)] could not read dos header from C:\WINDOWS\SYSTEM32\dbghelp.dll
[0628/193741.365:ERROR:process_memory_win.cc(73)] ReadMemory at 0x7ff83d460000 of 64 bytes failed: Only part of a ReadProcessMemory or WriteProcessMemory request was completed. (0x12B)
[0628/193741.366:WARNING:pe_image_reader.cc(340)] could not read dos header from C:\WINDOWS\SYSTEM32\WINHTTP.dll
[0628/193741.366:ERROR:process_memory_win.cc(73)] ReadMemory at 0x7ff83f580000 of 64 bytes failed: Only part of a ReadProcessMemory or WriteProcessMemory request was completed. (0x12B)
[0628/193741.366:WARNING:pe_image_reader.cc(340)] could not read dos header from C:\WINDOWS\SYSTEM32\dhcpcsvc.DLL
[0628/193741.366:ERROR:process_memory_win.cc(73)] ReadMemory at 0x7ff849790000 of 64 bytes failed: Only part of a ReadProcessMemory or WriteProcessMemory request was completed. (0x12B)
[0628/193741.366:WARNING:pe_image_reader.cc(340)] could not read dos header from C:\WINDOWS\System32\NSI.dll
[0628/193741.366:ERROR:process_memory_win.cc(73)] ReadMemory at 0x7ff841c00000 of 64 bytes failed: Only part of a ReadProcessMemory or WriteProcessMemory request was completed. (0x12B)
[0628/193741.366:WARNING:pe_image_reader.cc(340)] could not read dos header from C:\WINDOWS\SYSTEM32\WINMMBASE.dll
[0628/193741.366:ERROR:process_memory_win.cc(73)] ReadMemory at 0x7ff847de0000 of 64 bytes failed: Only part of a ReadProcessMemory or WriteProcessMemory request was completed. (0x12B)
[0628/193741.366:WARNING:pe_image_reader.cc(340)] could not read dos header from C:\WINDOWS\System32\cfgmgr32.dll
[0628/193741.366:ERROR:process_memory_win.cc(73)] ReadMemory at 0x7ff845d30000 of 64 bytes failed: Only part of a ReadProcessMemory or WriteProcessMemory request was completed. (0x12B)
[0628/193741.366:WARNING:pe_image_reader.cc(340)] could not read dos header from C:\WINDOWS\SYSTEM32\PROPSYS.dll
[0628/193741.366:ERROR:process_memory_win.cc(73)] ReadMemory at 0x7ff849a00000 of 64 bytes failed: Only part of a ReadProcessMemory or WriteProcessMemory request was completed. (0x12B)
[0628/193741.366:WARNING:pe_image_reader.cc(340)] could not read dos header from C:\WINDOWS\System32\shcore.dll
[0628/193741.366:ERROR:process_memory_win.cc(73)] ReadMemory at 0x7ff8475b0000 of 64 bytes failed: Only part of a ReadProcessMemory or WriteProcessMemory request was completed. (0x12B)
[0628/193741.366:WARNING:pe_image_reader.cc(340)] could not read dos header from C:\WINDOWS\SYSTEM32\SSPICLI.DLL
[0628/193741.366:ERROR:process_memory_win.cc(73)] ReadMemory at 0x7ff8470a0000 of 64 bytes failed: Only part of a ReadProcessMemory or WriteProcessMemory request was completed. (0x12B)
[0628/193741.366:WARNING:pe_image_reader.cc(340)] could not read dos header from C:\WINDOWS\SYSTEM32\CRYPTBASE.DLL
[0628/193741.571:ERROR:process_memory_win.cc(73)] ReadMemory at 0x7ff682850000 of 64 bytes failed: Only part of a ReadProcessMemory or WriteProcessMemory request was completed. (0x12B)
[0628/193741.571:WARNING:pe_image_reader.cc(340)] could not read dos header from C:\Program Files (x86)\Google\Chrome\Application\chrome.exe
[0628/193741.571:ERROR:process_memory_win.cc(73)] ReadMemory at 0x7ff84a800000 of 64 bytes failed: Only part of a ReadProcessMemory or WriteProcessMemory request was completed. (0x12B)
[0628/193741.571:WARNING:pe_image_reader.cc(340)] could not read dos header from C:\WINDOWS\SYSTEM32\ntdll.dll
[0628/193741.571:ERROR:process_memory_win.cc(73)] ReadMemory at 0x7ff849b70000 of 64 bytes failed: Only part of a ReadProcessMemory or WriteProcessMemory request was completed. (0x12B)
[0628/193741.571:WARNING:pe_image_reader.cc(340)] could not read dos header from C:\WINDOWS\System32\KERNEL32.DLL
[0628/193741.571:ERROR:process_memory_win.cc(73)] ReadMemory at 0x7ff847b30000 of 64 bytes failed: Only part of a ReadProcessMemory or WriteProcessMemory request was completed. (0x12B)
[0628/193741.571:WARNING:pe_image_reader.cc(340)] could not read dos header from C:\WINDOWS\System32\KERNELBASE.dll
[0628/193741.571:ERROR:process_memory_win.cc(73)] ReadMemory at 0x7ff82d9c0000 of 64 bytes failed: Only part of a ReadProcessMemory or WriteProcessMemory request was completed. (0x12B)
[0628/193741.571:WARNING:pe_image_reader.cc(340)] could not read dos header from C:\Program Files (x86)\Google\Chrome\Application\83.0.4103.116\chrome_elf.dll
[0628/193741.571:ERROR:process_memory_win.cc(73)] ReadMemory at 0x7ff842400000 of 64 bytes failed: Only part of a ReadProcessMemory or WriteProcessMemory request was completed. (0x12B)
[0628/193741.571:WARNING:pe_image_reader.cc(340)] could not read dos header from C:\WINDOWS\SYSTEM32\VERSION.dll
[0628/193741.571:ERROR:process_memory_win.cc(73)] ReadMemory at 0x7ff849ab0000 of 64 bytes failed: Only part of a ReadProcessMemory or WriteProcessMemory request was completed. (0x12B)
[0628/193741.571:WARNING:pe_image_reader.cc(340)] could not read dos header from C:\WINDOWS\System32\msvcrt.dll
[0628/193741.571:ERROR:process_memory_win.cc(73)] ReadMemory at 0x7ff847930000 of 64 bytes failed: Only part of a ReadProcessMemory or WriteProcessMemory request was completed. (0x12B)
[0628/193741.571:WARNING:pe_image_reader.cc(340)] could not read dos header from C:\WINDOWS\System32\bcryptPrimitives.dll
[0628/193741.571:ERROR:process_memory_win.cc(73)] ReadMemory at 0x7ff848b10000 of 64 bytes failed: Only part of a ReadProcessMemory or WriteProcessMemory request was completed. (0x12B)
[0628/193741.571:WARNING:pe_image_reader.cc(340)] could not read dos header from C:\WINDOWS\System32\ADVAPI32.dll
[0628/193741.571:ERROR:process_memory_win.cc(73)] ReadMemory at 0x7ff848c30000 of 64 bytes failed: Only part of a ReadProcessMemory or WriteProcessMemory request was completed. (0x12B)
[0628/193741.571:WARNING:pe_image_reader.cc(340)] could not read dos header from C:\WINDOWS\System32\sechost.dll
[0628/193741.571:ERROR:process_memory_win.cc(73)] ReadMemory at 0x7ff8489f0000 of 64 bytes failed: Only part of a ReadProcessMemory or WriteProcessMemory request was completed. (0x12B)
[0628/193741.571:WARNING:pe_image_reader.cc(340)] could not read dos header from C:\WINDOWS\System32\RPCRT4.dll
[0628/193741.571:ERROR:process_memory_win.cc(73)] ReadMemory at 0x7ffff4c00000 of 64 bytes failed: Only part of a ReadProcessMemory or WriteProcessMemory request was completed. (0x12B)
[0628/193741.571:WARNING:pe_image_reader.cc(340)] could not read dos header from C:\Program Files (x86)\Google\Chrome\Application\83.0.4103.116\chrome.dll
[0628/193741.571:ERROR:process_memory_win.cc(73)] ReadMemory at 0x7ff849d60000 of 64 bytes failed: Only part of a ReadProcessMemory or WriteProcessMemory request was completed. (0x12B)
[0628/193741.571:WARNING:pe_image_reader.cc(340)] could not read dos header from C:\WINDOWS\System32\WS2_32.dll
[0628/193741.571:ERROR:process_memory_win.cc(73)] ReadMemory at 0x13bbbb90000 of 64 bytes failed: Only part of a ReadProcessMemory or WriteProcessMemory request was completed. (0x12B)
[0628/193741.572:WARNING:pe_image_reader.cc(340)] could not read dos header from C:\WINDOWS\System32\OLEAUT32.dll
[0628/193741.572:ERROR:process_memory_win.cc(73)] ReadMemory at 0x7ff847e30000 of 64 bytes failed: Only part of a ReadProcessMemory or WriteProcessMemory request was completed. (0x12B)
[0628/193741.572:WARNING:pe_image_reader.cc(340)] could not read dos header from C:\WINDOWS\System32\msvcp_win.dll
[0628/193741.572:ERROR:process_memory_win.cc(73)] ReadMemory at 0x7ff848780000 of 64 bytes failed: Only part of a ReadProcessMemory or WriteProcessMemory request was completed. (0x12B)
[0628/193741.572:WARNING:pe_image_reader.cc(340)] could not read dos header from C:\WINDOWS\System32\ucrtbase.dll
[0628/193741.572:ERROR:process_memory_win.cc(73)] ReadMemory at 0x7ff849eb0000 of 64 bytes failed: Only part of a ReadProcessMemory or WriteProcessMemory request was completed. (0x12B)
[0628/193741.572:WARNING:pe_image_reader.cc(340)] could not read dos header from C:\WINDOWS\System32\combase.dll
[0628/193741.572:ERROR:process_memory_win.cc(73)] ReadMemory at 0x7ff848720000 of 64 bytes failed: Only part of a ReadProcessMemory or WriteProcessMemory request was completed. (0x12B)
[0628/193741.572:WARNING:pe_image_reader.cc(340)] could not read dos header from C:\WINDOWS\System32\WINTRUST.dll
[0628/193741.572:ERROR:process_memory_win.cc(73)] ReadMemory at 0x7ff847740000 of 64 bytes failed: Only part of a ReadProcessMemory or WriteProcessMemory request was completed. (0x12B)
[0628/193741.572:WARNING:pe_image_reader.cc(340)] could not read dos header from C:\WINDOWS\System32\MSASN1.dll
[0628/193741.572:ERROR:process_memory_win.cc(73)] ReadMemory at 0x7ff8479b0000 of 64 bytes failed: Only part of a ReadProcessMemory or WriteProcessMemory request was completed. (0x12B)
[0628/193741.572:WARNING:pe_image_reader.cc(340)] could not read dos header from C:\WINDOWS\System32\CRYPT32.dll
[0628/193741.572:ERROR:process_memory_win.cc(73)] ReadMemory at 0x7ff846be0000 of 64 bytes failed: Only part of a ReadProcessMemory or WriteProcessMemory request was completed. (0x12B)
[0628/193741.572:WARNING:pe_image_reader.cc(340)] could not read dos header from C:\WINDOWS\SYSTEM32\IPHLPAPI.DLL
[0628/193741.572:ERROR:process_memory_win.cc(73)] ReadMemory at 0x7ff841d10000 of 64 bytes failed: Only part of a ReadProcessMemory or WriteProcessMemory request was completed. (0x12B)
[0628/193741.572:WARNING:pe_image_reader.cc(340)] could not read dos header from C:\WINDOWS\SYSTEM32\WINMM.dll
[0628/193741.572:ERROR:process_memory_win.cc(73)] ReadMemory at 0x7ff829a00000 of 64 bytes failed: Only part of a ReadProcessMemory or WriteProcessMemory request was completed. (0x12B)
[0628/193741.572:WARNING:pe_image_reader.cc(340)] could not read dos header from C:\WINDOWS\SYSTEM32\Secur32.dll
[0628/193741.572:ERROR:process_memory_win.cc(73)] ReadMemory at 0x7ff8475e0000 of 64 bytes failed: Only part of a ReadProcessMemory or WriteProcessMemory request was completed. (0x12B)
[0628/193741.572:WARNING:pe_image_reader.cc(340)] could not read dos header from C:\WINDOWS\SYSTEM32\USERENV.dll
[0628/193741.572:ERROR:process_memory_win.cc(73)] ReadMemory at 0x7ff847760000 of 64 bytes failed: Only part of a ReadProcessMemory or WriteProcessMemory request was completed. (0x12B)
[0628/193741.572:WARNING:pe_image_reader.cc(340)] could not read dos header from C:\WINDOWS\System32\profapi.dll
[0628/193741.572:ERROR:process_memory_win.cc(73)] ReadMemory at 0x7ff823790000 of 64 bytes failed: Only part of a ReadProcessMemory or WriteProcessMemory request was completed. (0x12B)
[0628/193741.572:WARNING:pe_image_reader.cc(340)] could not read dos header from C:\WINDOWS\SYSTEM32\UIAutomationCore.DLL
[0628/193741.572:ERROR:process_memory_win.cc(73)] ReadMemory at 0x7ff83ff90000 of 64 bytes failed: Only part of a ReadProcessMemory or WriteProcessMemory request was completed. (0x12B)
[0628/193741.572:WARNING:pe_image_reader.cc(340)] could not read dos header from C:\WINDOWS\SYSTEM32\DWrite.dll
[0628/193741.572:ERROR:process_memory_win.cc(73)] ReadMemory at 0x7ff824220000 of 64 bytes failed: Only part of a ReadProcessMemory or WriteProcessMemory request was completed. (0x12B)
[0628/193741.572:WARNING:pe_image_reader.cc(340)] could not read dos header from C:\WINDOWS\SYSTEM32\WINSPOOL.DRV
[0628/193741.572:ERROR:process_memory_win.cc(73)] ReadMemory at 0x7ff847720000 of 64 bytes failed: Only part of a ReadProcessMemory or WriteProcessMemory request was completed. (0x12B)
[0628/193741.572:WARNING:pe_image_reader.cc(340)] could not read dos header from C:\WINDOWS\System32\kernel.appcore.dll
[0628/193741.572:ERROR:process_memory_win.cc(73)] ReadMemory at 0x7ff848880000 of 64 bytes failed: Only part of a ReadProcessMemory or WriteProcessMemory request was completed. (0x12B)
[0628/193741.572:WARNING:pe_image_reader.cc(340)] could not read dos header from C:\WINDOWS\System32\bcrypt.dll
[0628/193741.572:ERROR:process_memory_win.cc(73)] ReadMemory at 0x7ff846050000 of 64 bytes failed: Only part of a ReadProcessMemory or WriteProcessMemory request was completed. (0x12B)
[0628/193741.572:WARNING:pe_image_reader.cc(340)] could not read dos header from C:\WINDOWS\SYSTEM32\dbghelp.dll
[0628/193741.572:ERROR:process_memory_win.cc(73)] ReadMemory at 0x7ff83d460000 of 64 bytes failed: Only part of a ReadProcessMemory or WriteProcessMemory request was completed. (0x12B)
[0628/193741.572:WARNING:pe_image_reader.cc(340)] could not read dos header from C:\WINDOWS\SYSTEM32\WINHTTP.dll
[0628/193741.572:ERROR:process_memory_win.cc(73)] ReadMemory at 0x7ff83f580000 of 64 bytes failed: Only part of a ReadProcessMemory or WriteProcessMemory request was completed. (0x12B)
[0628/193741.572:WARNING:pe_image_reader.cc(340)] could not read dos header from C:\WINDOWS\SYSTEM32\dhcpcsvc.DLL
[0628/193741.572:ERROR:process_memory_win.cc(73)] ReadMemory at 0x7ff849790000 of 64 bytes failed: Only part of a ReadProcessMemory or WriteProcessMemory request was completed. (0x12B)
[0628/193741.572:WARNING:pe_image_reader.cc(340)] could not read dos header from C:\WINDOWS\System32\NSI.dll
[0628/193741.572:ERROR:process_memory_win.cc(73)] ReadMemory at 0x7ff841c00000 of 64 bytes failed: Only part of a ReadProcessMemory or WriteProcessMemory request was completed. (0x12B)
[0628/193741.572:WARNING:pe_image_reader.cc(340)] could not read dos header from C:\WINDOWS\SYSTEM32\WINMMBASE.dll
[0628/193741.572:ERROR:process_memory_win.cc(73)] ReadMemory at 0x7ff847de0000 of 64 bytes failed: Only part of a ReadProcessMemory or WriteProcessMemory request was completed. (0x12B)
[0628/193741.572:WARNING:pe_image_reader.cc(340)] could not read dos header from C:\WINDOWS\System32\cfgmgr32.dll
[0628/193741.572:ERROR:process_memory_win.cc(73)] ReadMemory at 0x7ff845d30000 of 64 bytes failed: Only part of a ReadProcessMemory or WriteProcessMemory request was completed. (0x12B)
[0628/193741.573:WARNING:pe_image_reader.cc(340)] could not read dos header from C:\WINDOWS\SYSTEM32\PROPSYS.dll
[0628/193741.573:ERROR:process_memory_win.cc(73)] ReadMemory at 0x7ff849a00000 of 64 bytes failed: Only part of a ReadProcessMemory or WriteProcessMemory request was completed. (0x12B)
[0628/193741.573:WARNING:pe_image_reader.cc(340)] could not read dos header from C:\WINDOWS\System32\shcore.dll
[0628/193741.573:ERROR:process_memory_win.cc(73)] ReadMemory at 0x7ff8475b0000 of 64 bytes failed: Only part of a ReadProcessMemory or WriteProcessMemory request was completed. (0x12B)
[0628/193741.573:WARNING:pe_image_reader.cc(340)] could not read dos header from C:\WINDOWS\SYSTEM32\SSPICLI.DLL
[0628/193741.573:ERROR:process_memory_win.cc(73)] ReadMemory at 0x7ff8470a0000 of 64 bytes failed: Only part of a ReadProcessMemory or WriteProcessMemory request was completed. (0x12B)
[0628/193741.573:WARNING:pe_image_reader.cc(340)] could not read dos header from C:\WINDOWS\SYSTEM32\CRYPTBASE.DLL
[0628/193741.573:ERROR:process_memory_win.cc(73)] ReadMemory at 0x7ff682850000 of 64 bytes failed: Only part of a ReadProcessMemory or WriteProcessMemory request was completed. (0x12B)
[0628/193741.573:WARNING:pe_image_reader.cc(340)] could not read dos header from C:\Program Files (x86)\Google\Chrome\Application\chrome.exe
[0628/193741.573:ERROR:process_memory_win.cc(73)] ReadMemory at 0x7ff84a800000 of 64 bytes failed: Only part of a ReadProcessMemory or WriteProcessMemory request was completed. (0x12B)
[0628/193741.573:WARNING:pe_image_reader.cc(340)] could not read dos header from C:\WINDOWS\SYSTEM32\ntdll.dll
[0628/193741.573:ERROR:process_memory_win.cc(73)] ReadMemory at 0x7ff849b70000 of 64 bytes failed: Only part of a ReadProcessMemory or WriteProcessMemory request was completed. (0x12B)
[0628/193741.573:WARNING:pe_image_reader.cc(340)] could not read dos header from C:\WINDOWS\System32\KERNEL32.DLL
[0628/193741.573:ERROR:process_memory_win.cc(73)] ReadMemory at 0x7ff847b30000 of 64 bytes failed: Only part of a ReadProcessMemory or WriteProcessMemory request was completed. (0x12B)
[0628/193741.573:WARNING:pe_image_reader.cc(340)] could not read dos header from C:\WINDOWS\System32\KERNELBASE.dll
[0628/193741.573:ERROR:process_memory_win.cc(73)] ReadMemory at 0x7ff82d9c0000 of 64 bytes failed: Only part of a ReadProcessMemory or WriteProcessMemory request was completed. (0x12B)
[0628/193741.573:WARNING:pe_image_reader.cc(340)] could not read dos header from C:\Program Files (x86)\Google\Chrome\Application\83.0.4103.116\chrome_elf.dll
[0628/193741.573:ERROR:process_memory_win.cc(73)] ReadMemory at 0x7ff842400000 of 64 bytes failed: Only part of a ReadProcessMemory or WriteProcessMemory request was completed. (0x12B)
[0628/193741.573:WARNING:pe_image_reader.cc(340)] could not read dos header from C:\WINDOWS\SYSTEM32\VERSION.dll
[0628/193741.573:ERROR:process_memory_win.cc(73)] ReadMemory at 0x7ff849ab0000 of 64 bytes failed: Only part of a ReadProcessMemory or WriteProcessMemory request was completed. (0x12B)
[0628/193741.573:WARNING:pe_image_reader.cc(340)] could not read dos header from C:\WINDOWS\System32\msvcrt.dll
[0628/193741.573:ERROR:process_memory_win.cc(73)] ReadMemory at 0x7ff847930000 of 64 bytes failed: Only part of a ReadProcessMemory or WriteProcessMemory request was completed. (0x12B)
[0628/193741.573:WARNING:pe_image_reader.cc(340)] could not read dos header from C:\WINDOWS\System32\bcryptPrimitives.dll
[0628/193741.573:ERROR:process_memory_win.cc(73)] ReadMemory at 0x7ff848b10000 of 64 bytes failed: Only part of a ReadProcessMemory or WriteProcessMemory request was completed. (0x12B)
[0628/193741.573:WARNING:pe_image_reader.cc(340)] could not read dos header from C:\WINDOWS\System32\ADVAPI32.dll
[0628/193741.573:ERROR:process_memory_win.cc(73)] ReadMemory at 0x7ff848c30000 of 64 bytes failed: Only part of a ReadProcessMemory or WriteProcessMemory request was completed. (0x12B)
[0628/193741.573:WARNING:pe_image_reader.cc(340)] could not read dos header from C:\WINDOWS\System32\sechost.dll
[0628/193741.573:ERROR:process_memory_win.cc(73)] ReadMemory at 0x7ff8489f0000 of 64 bytes failed: Only part of a ReadProcessMemory or WriteProcessMemory request was completed. (0x12B)
[0628/193741.573:WARNING:pe_image_reader.cc(340)] could not read dos header from C:\WINDOWS\System32\RPCRT4.dll
[0628/193741.573:ERROR:process_memory_win.cc(73)] ReadMemory at 0x7ffff4c00000 of 64 bytes failed: Only part of a ReadProcessMemory or WriteProcessMemory request was completed. (0x12B)
[0628/193741.573:WARNING:pe_image_reader.cc(340)] could not read dos header from C:\Program Files (x86)\Google\Chrome\Application\83.0.4103.116\chrome.dll
[0628/193741.573:ERROR:process_memory_win.cc(73)] ReadMemory at 0x7ff849d60000 of 64 bytes failed: Only part of a ReadProcessMemory or WriteProcessMemory request was completed. (0x12B)
[0628/193741.573:WARNING:pe_image_reader.cc(340)] could not read dos header from C:\WINDOWS\System32\WS2_32.dll
[0628/193741.573:ERROR:process_memory_win.cc(73)] ReadMemory at 0x13bbbb90000 of 64 bytes failed: Only part of a ReadProcessMemory or WriteProcessMemory request was completed. (0x12B)
[0628/193741.573:WARNING:pe_image_reader.cc(340)] could not read dos header from C:\WINDOWS\System32\OLEAUT32.dll
[0628/193741.573:ERROR:process_memory_win.cc(73)] ReadMemory at 0x7ff847e30000 of 64 bytes failed: Only part of a ReadProcessMemory or WriteProcessMemory request was completed. (0x12B)
[0628/193741.573:WARNING:pe_image_reader.cc(340)] could not read dos header from C:\WINDOWS\System32\msvcp_win.dll
[0628/193741.573:ERROR:process_memory_win.cc(73)] ReadMemory at 0x7ff848780000 of 64 bytes failed: Only part of a ReadProcessMemory or WriteProcessMemory request was completed. (0x12B)
[0628/193741.573:WARNING:pe_image_reader.cc(340)] could not read dos header from C:\WINDOWS\System32\ucrtbase.dll
[0628/193741.573:ERROR:process_memory_win.cc(73)] ReadMemory at 0x7ff849eb0000 of 64 bytes failed: Only part of a ReadProcessMemory or WriteProcessMemory request was completed. (0x12B)
[0628/193741.573:WARNING:pe_image_reader.cc(340)] could not read dos header from C:\WINDOWS\System32\combase.dll
[0628/193741.573:ERROR:process_memory_win.cc(73)] ReadMemory at 0x7ff848720000 of 64 bytes failed: Only part of a ReadProcessMemory or WriteProcessMemory request was completed. (0x12B)
[0628/193741.573:WARNING:pe_image_reader.cc(340)] could not read dos header from C:\WINDOWS\System32\WINTRUST.dll
[0628/193741.573:ERROR:process_memory_win.cc(73)] ReadMemory at 0x7ff847740000 of 64 bytes failed: Only part of a ReadProcessMemory or WriteProcessMemory request was completed. (0x12B)
[0628/193741.573:WARNING:pe_image_reader.cc(340)] could not read dos header from C:\WINDOWS\System32\MSASN1.dll
[0628/193741.573:ERROR:process_memory_win.cc(73)] ReadMemory at 0x7ff8479b0000 of 64 bytes failed: Only part of a ReadProcessMemory or WriteProcessMemory request was completed. (0x12B)
[0628/193741.573:WARNING:pe_image_reader.cc(340)] could not read dos header from C:\WINDOWS\System32\CRYPT32.dll
[0628/193741.574:ERROR:process_memory_win.cc(73)] ReadMemory at 0x7ff846be0000 of 64 bytes failed: Only part of a ReadProcessMemory or WriteProcessMemory request was completed. (0x12B)
[0628/193741.574:WARNING:pe_image_reader.cc(340)] could not read dos header from C:\WINDOWS\SYSTEM32\IPHLPAPI.DLL
[0628/193741.574:ERROR:process_memory_win.cc(73)] ReadMemory at 0x7ff841d10000 of 64 bytes failed: Only part of a ReadProcessMemory or WriteProcessMemory request was completed. (0x12B)
[0628/193741.574:WARNING:pe_image_reader.cc(340)] could not read dos header from C:\WINDOWS\SYSTEM32\WINMM.dll
[0628/193741.574:ERROR:process_memory_win.cc(73)] ReadMemory at 0x7ff829a00000 of 64 bytes failed: Only part of a ReadProcessMemory or WriteProcessMemory request was completed. (0x12B)
[0628/193741.574:WARNING:pe_image_reader.cc(340)] could not read dos header from C:\WINDOWS\SYSTEM32\Secur32.dll
[0628/193741.574:ERROR:process_memory_win.cc(73)] ReadMemory at 0x7ff8475e0000 of 64 bytes failed: Only part of a ReadProcessMemory or WriteProcessMemory request was completed. (0x12B)
[0628/193741.574:WARNING:pe_image_reader.cc(340)] could not read dos header from C:\WINDOWS\SYSTEM32\USERENV.dll
[0628/193741.574:ERROR:process_memory_win.cc(73)] ReadMemory at 0x7ff847760000 of 64 bytes failed: Only part of a ReadProcessMemory or WriteProcessMemory request was completed. (0x12B)
[0628/193741.574:WARNING:pe_image_reader.cc(340)] could not read dos header from C:\WINDOWS\System32\profapi.dll
[0628/193741.574:ERROR:process_memory_win.cc(73)] ReadMemory at 0x7ff823790000 of 64 bytes failed: Only part of a ReadProcessMemory or WriteProcessMemory request was completed. (0x12B)
[0628/193741.574:WARNING:pe_image_reader.cc(340)] could not read dos header from C:\WINDOWS\SYSTEM32\UIAutomationCore.DLL
[0628/193741.574:ERROR:process_memory_win.cc(73)] ReadMemory at 0x7ff83ff90000 of 64 bytes failed: Only part of a ReadProcessMemory or WriteProcessMemory request was completed. (0x12B)
[0628/193741.574:WARNING:pe_image_reader.cc(340)] could not read dos header from C:\WINDOWS\SYSTEM32\DWrite.dll
[0628/193741.574:ERROR:process_memory_win.cc(73)] ReadMemory at 0x7ff824220000 of 64 bytes failed: Only part of a ReadProcessMemory or WriteProcessMemory request was completed. (0x12B)
[0628/193741.574:WARNING:pe_image_reader.cc(340)] could not read dos header from C:\WINDOWS\SYSTEM32\WINSPOOL.DRV
[0628/193741.574:ERROR:process_memory_win.cc(73)] ReadMemory at 0x7ff847720000 of 64 bytes failed: Only part of a ReadProcessMemory or WriteProcessMemory request was completed. (0x12B)
[0628/193741.574:WARNING:pe_image_reader.cc(340)] could not read dos header from C:\WINDOWS\System32\kernel.appcore.dll
[0628/193741.574:ERROR:process_memory_win.cc(73)] ReadMemory at 0x7ff848880000 of 64 bytes failed: Only part of a ReadProcessMemory or WriteProcessMemory request was completed. (0x12B)
[0628/193741.574:WARNING:pe_image_reader.cc(340)] could not read dos header from C:\WINDOWS\System32\bcrypt.dll
[0628/193741.574:ERROR:process_memory_win.cc(73)] ReadMemory at 0x7ff846050000 of 64 bytes failed: Only part of a ReadProcessMemory or WriteProcessMemory request was completed. (0x12B)
[0628/193741.574:WARNING:pe_image_reader.cc(340)] could not read dos header from C:\WINDOWS\SYSTEM32\dbghelp.dll
[0628/193741.574:ERROR:process_memory_win.cc(73)] ReadMemory at 0x7ff83d460000 of 64 bytes failed: Only part of a ReadProcessMemory or WriteProcessMemory request was completed. (0x12B)
[0628/193741.574:WARNING:pe_image_reader.cc(340)] could not read dos header from C:\WINDOWS\SYSTEM32\WINHTTP.dll
[0628/193741.574:ERROR:process_memory_win.cc(73)] ReadMemory at 0x7ff83f580000 of 64 bytes failed: Only part of a ReadProcessMemory or WriteProcessMemory request was completed. (0x12B)
[0628/193741.574:WARNING:pe_image_reader.cc(340)] could not read dos header from C:\WINDOWS\SYSTEM32\dhcpcsvc.DLL
[0628/193741.574:ERROR:process_memory_win.cc(73)] ReadMemory at 0x7ff849790000 of 64 bytes failed: Only part of a ReadProcessMemory or WriteProcessMemory request was completed. (0x12B)
[0628/193741.574:WARNING:pe_image_reader.cc(340)] could not read dos header from C:\WINDOWS\System32\NSI.dll
[0628/193741.574:ERROR:process_memory_win.cc(73)] ReadMemory at 0x7ff841c00000 of 64 bytes failed: Only part of a ReadProcessMemory or WriteProcessMemory request was completed. (0x12B)
[0628/193741.574:WARNING:pe_image_reader.cc(340)] could not read dos header from C:\WINDOWS\SYSTEM32\WINMMBASE.dll
[0628/193741.574:ERROR:process_memory_win.cc(73)] ReadMemory at 0x7ff847de0000 of 64 bytes failed: Only part of a ReadProcessMemory or WriteProcessMemory request was completed. (0x12B)
[0628/193741.574:WARNING:pe_image_reader.cc(340)] could not read dos header from C:\WINDOWS\System32\cfgmgr32.dll
[0628/193741.574:ERROR:process_memory_win.cc(73)] ReadMemory at 0x7ff845d30000 of 64 bytes failed: Only part of a ReadProcessMemory or WriteProcessMemory request was completed. (0x12B)
[0628/193741.574:WARNING:pe_image_reader.cc(340)] could not read dos header from C:\WINDOWS\SYSTEM32\PROPSYS.dll
[0628/193741.574:ERROR:process_memory_win.cc(73)] ReadMemory at 0x7ff849a00000 of 64 bytes failed: Only part of a ReadProcessMemory or WriteProcessMemory request was completed. (0x12B)
[0628/193741.574:WARNING:pe_image_reader.cc(340)] could not read dos header from C:\WINDOWS\System32\shcore.dll
[0628/193741.574:ERROR:process_memory_win.cc(73)] ReadMemory at 0x7ff8475b0000 of 64 bytes failed: Only part of a ReadProcessMemory or WriteProcessMemory request was completed. (0x12B)
[0628/193741.574:WARNING:pe_image_reader.cc(340)] could not read dos header from C:\WINDOWS\SYSTEM32\SSPICLI.DLL
[0628/193741.574:ERROR:process_memory_win.cc(73)] ReadMemory at 0x7ff8470a0000 of 64 bytes failed: Only part of a ReadProcessMemory or WriteProcessMemory request was completed. (0x12B)
[0628/193741.574:WARNING:pe_image_reader.cc(340)] could not read dos header from C:\WINDOWS\SYSTEM32\CRYPTBASE.DLL
[0628/193741.708:ERROR:process_memory_win.cc(73)] ReadMemory at 0x10085ed000 of 77824 bytes failed: Only part of a ReadProcessMemory or WriteProcessMemory request was completed. (0x12B)
[0628/193741.708:ERROR:process_memory_win.cc(73)] ReadMemory at 0x1008dfd000 of 12288 bytes failed: Only part of a ReadProcessMemory or WriteProcessMemory request was completed. (0x12B)
[0628/193741.708:ERROR:process_memory_win.cc(73)] ReadMemory at 0x1009dfc000 of 16384 bytes failed: Only part of a ReadProcessMemory or WriteProcessMemory request was completed. (0x12B)
[0628/193741.708:ERROR:process_memory_win.cc(73)] ReadMemory at 0x100a5fc000 of 16384 bytes failed: Only part of a ReadProcessMemory or WriteProcessMemory request was completed. (0x12B)
[0628/193741.708:ERROR:process_memory_win.cc(73)] ReadMemory at 0x100adfe000 of 8192 bytes failed: Only part of a ReadProcessMemory or WriteProcessMemory request was completed. (0x12B)
[0628/193741.708:ERROR:process_memory_win.cc(73)] ReadMemory at 0x100b5fd000 of 12288 bytes failed: Only part of a ReadProcessMemory or WriteProcessMemory request was completed. (0x12B)
[0628/193741.709:ERROR:process_memory_win.cc(73)] ReadMemory at 0x100bdfb000 of 20480 bytes failed: Only part of a ReadProcessMemory or WriteProcessMemory request was completed. (0x12B)
[0628/193741.709:ERROR:process_memory_win.cc(73)] ReadMemory at 0x100cdfd000 of 12288 bytes failed: Only part of a ReadProcessMemory or WriteProcessMemory request was completed. (0x12B)
[0628/193741.709:ERROR:process_memory_win.cc(73)] ReadMemory at 0x100d5f7000 of 36864 bytes failed: Only part of a ReadProcessMemory or WriteProcessMemory request was completed. (0x12B)
[0628/193741.709:ERROR:process_memory_win.cc(73)] ReadMemory at 0x100ddf6000 of 40960 bytes failed: Only part of a ReadProcessMemory or WriteProcessMemory request was completed. (0x12B)
[0628/193741.709:ERROR:process_memory_win.cc(73)] ReadMemory at 0x100e5fd000 of 12288 bytes failed: Only part of a ReadProcessMemory or WriteProcessMemory request was completed. (0x12B)
[0628/193741.709:ERROR:process_memory_win.cc(73)] ReadMemory at 0x100f5fd000 of 12288 bytes failed: Only part of a ReadProcessMemory or WriteProcessMemory request was completed. (0x12B)
[0628/193741.709:ERROR:process_memory_win.cc(73)] ReadMemory at 0x100c5f6000 of 40960 bytes failed: Only part of a ReadProcessMemory or WriteProcessMemory request was completed. (0x12B)
[0628/193741.709:ERROR:process_memory_win.cc(73)] ReadMemory at 0x10095fc000 of 16384 bytes failed: Only part of a ReadProcessMemory or WriteProcessMemory request was completed. (0x12B)
[0628/193741.709:ERROR:process_memory_win.cc(73)] ReadMemory at 0x100edfc000 of 16384 bytes failed: Only part of a ReadProcessMemory or WriteProcessMemory request was completed. (0x12B)
[0628/193741.709:ERROR:process_memory_win.cc(73)] ReadMemory at 0x100fdfe000 of 8192 bytes failed: Only part of a ReadProcessMemory or WriteProcessMemory request was completed. (0x12B)
[0628/193741.723:ERROR:process_memory_win.cc(73)] ReadMemory at 0x1007cbf000 of 852 bytes failed: Only part of a ReadProcessMemory or WriteProcessMemory request was completed. (0x12B)
[0628/193741.742:ERROR:process_memory_win.cc(73)] ReadMemory at 0x1007cc0000 of 6024 bytes failed: Only part of a ReadProcessMemory or WriteProcessMemory request was completed. (0x12B)
[0628/193741.742:ERROR:process_memory_win.cc(73)] ReadMemory at 0x1007cc2000 of 6024 bytes failed: Only part of a ReadProcessMemory or WriteProcessMemory request was completed. (0x12B)
[0628/193741.742:ERROR:process_memory_win.cc(73)] ReadMemory at 0x1007cc6000 of 6024 bytes failed: Only part of a ReadProcessMemory or WriteProcessMemory request was completed. (0x12B)
[0628/193741.742:ERROR:process_memory_win.cc(73)] ReadMemory at 0x1007cc8000 of 6024 bytes failed: Only part of a ReadProcessMemory or WriteProcessMemory request was completed. (0x12B)
[0628/193741.743:ERROR:process_memory_win.cc(73)] ReadMemory at 0x1007cca000 of 6024 bytes failed: Only part of a ReadProcessMemory or WriteProcessMemory request was completed. (0x12B)
[0628/193741.743:ERROR:process_memory_win.cc(73)] ReadMemory at 0x1007ccc000 of 6024 bytes failed: Only part of a ReadProcessMemory or WriteProcessMemory request was completed. (0x12B)
[0628/193741.743:ERROR:process_memory_win.cc(73)] ReadMemory at 0x1007cce000 of 6024 bytes failed: Only part of a ReadProcessMemory or WriteProcessMemory request was completed. (0x12B)
[0628/193741.743:ERROR:process_memory_win.cc(73)] ReadMemory at 0x1007cd2000 of 6024 bytes failed: Only part of a ReadProcessMemory or WriteProcessMemory request was completed. (0x12B)
[0628/193741.743:ERROR:process_memory_win.cc(73)] ReadMemory at 0x1007cd4000 of 6024 bytes failed: Only part of a ReadProcessMemory or WriteProcessMemory request was completed. (0x12B)
[0628/193741.743:ERROR:process_memory_win.cc(73)] ReadMemory at 0x1007cd6000 of 6024 bytes failed: Only part of a ReadProcessMemory or WriteProcessMemory request was completed. (0x12B)
[0628/193741.743:ERROR:process_memory_win.cc(73)] ReadMemory at 0x1007cd8000 of 6024 bytes failed: Only part of a ReadProcessMemory or WriteProcessMemory request was completed. (0x12B)
[0628/193741.743:ERROR:process_memory_win.cc(73)] ReadMemory at 0x1007cde000 of 6024 bytes failed: Only part of a ReadProcessMemory or WriteProcessMemory request was completed. (0x12B)
[0628/193741.743:ERROR:process_memory_win.cc(73)] ReadMemory at 0x1007cee000 of 6024 bytes failed: Only part of a ReadProcessMemory or WriteProcessMemory request was completed. (0x12B)
[0628/193741.743:ERROR:process_memory_win.cc(73)] ReadMemory at 0x1007cf8000 of 6024 bytes failed: Only part of a ReadProcessMemory or WriteProcessMemory request was completed. (0x12B)
[0628/193741.743:ERROR:process_memory_win.cc(73)] ReadMemory at 0x1007cfa000 of 6024 bytes failed: Only part of a ReadProcessMemory or WriteProcessMemory request was completed. (0x12B)
[0628/193741.743:ERROR:process_memory_win.cc(73)] ReadMemory at 0x1007cfc000 of 6024 bytes failed: Only part of a ReadProcessMemory or WriteProcessMemory request was completed. (0x12B)
[0628/193741.743:ERROR:process_memory_win.cc(73)] ReadMemory at 0x13bbb450750 of 80 bytes failed: Only part of a ReadProcessMemory or WriteProcessMemory request was completed. (0x12B)
[0628/193741.743:ERROR:process_memory_win.cc(73)] ReadMemory at 0x13bbb450fe0 of 13002 bytes failed: Only part of a ReadProcessMemory or WriteProcessMemory request was completed. (0x12B)
[0628/193741.743:ERROR:process_memory_win.cc(73)] ReadMemory at 0x13bbb4542c0 of 1012 bytes failed: Only part of a ReadProcessMemory or WriteProcessMemory request was completed. (0x12B)
[0628/193741.743:ERROR:process_memory_win.cc(73)] ReadMemory at 0x13bbb454908 of 118 bytes failed: Only part of a ReadProcessMemory or WriteProcessMemory request was completed. (0x12B)
[0628/193741.743:ERROR:process_memory_win.cc(73)] ReadMemory at 0x13bbb454980 of 838 bytes failed: Only part of a ReadProcessMemory or WriteProcessMemory request was completed. (0x12B)
[0628/193741.743:ERROR:process_memory_win.cc(73)] ReadMemory at 0x13bbb454cc8 of 118 bytes failed: Only part of a ReadProcessMemory or WriteProcessMemory request was completed. (0x12B)
[0628/193741.743:ERROR:process_memory_win.cc(73)] ReadMemory at 0x13bbb454d40 of 102 bytes failed: Only part of a ReadProcessMemory or WriteProcessMemory request was completed. (0x12B)
[0628/193741.744:ERROR:process_memory_win.cc(73)] ReadMemory at 0x13bbb454dc0 of 58 bytes failed: Only part of a ReadProcessMemory or WriteProcessMemory request was completed. (0x12B)
[0628/193741.744:ERROR:process_memory_win.cc(73)] ReadMemory at 0x13bbb454ec0 of 132 bytes failed: Only part of a ReadProcessMemory or WriteProcessMemory request was completed. (0x12B)
[0628/193741.744:ERROR:process_memory_win.cc(73)] ReadMemory at 0x13bbb455050 of 132 bytes failed: Only part of a ReadProcessMemory or WriteProcessMemory request was completed. (0x12B)
[0628/193741.744:ERROR:process_memory_win.cc(73)] ReadMemory at 0x13bbb455210 of 126 bytes failed: Only part of a ReadProcessMemory or WriteProcessMemory request was completed. (0x12B)
[0628/193741.744:ERROR:process_memory_win.cc(73)] ReadMemory at 0x13bbb4555f0 of 132 bytes failed: Only part of a ReadProcessMemory or WriteProcessMemory request was completed. (0x12B)
[0628/193741.744:ERROR:process_memory_win.cc(73)] ReadMemory at 0x13bbb455780 of 64 bytes failed: Only part of a ReadProcessMemory or WriteProcessMemory request was completed. (0x12B)
[0628/193741.744:ERROR:process_memory_win.cc(73)] ReadMemory at 0x13bbb4557d0 of 132 bytes failed: Only part of a ReadProcessMemory or WriteProcessMemory request was completed. (0x12B)
[0628/193741.744:ERROR:process_memory_win.cc(73)] ReadMemory at 0x13bbb455900 of 132 bytes failed: Only part of a ReadProcessMemory or WriteProcessMemory request was completed. (0x12B)
[0628/193741.744:ERROR:process_memory_win.cc(73)] ReadMemory at 0x13bbb455be0 of 132 bytes failed: Only part of a ReadProcessMemory or WriteProcessMemory request was completed. (0x12B)
[0628/193741.744:ERROR:process_memory_win.cc(73)] ReadMemory at 0x13bbb455d70 of 68 bytes failed: Only part of a ReadProcessMemory or WriteProcessMemory request was completed. (0x12B)
[0628/193741.744:ERROR:process_memory_win.cc(73)] ReadMemory at 0x13bbb456d80 of 132 bytes failed: Only part of a ReadProcessMemory or WriteProcessMemory request was completed. (0x12B)
[0628/193741.744:ERROR:process_memory_win.cc(73)] ReadMemory at 0x13bbb456fd0 of 154 bytes failed: Only part of a ReadProcessMemory or WriteProcessMemory request was completed. (0x12B)
[0628/193741.744:ERROR:process_memory_win.cc(73)] ReadMemory at 0x13bbb457df0 of 62 bytes failed: Only part of a ReadProcessMemory or WriteProcessMemory request was completed. (0x12B)
[0628/193741.744:ERROR:process_memory_win.cc(73)] ReadMemory at 0x13bbb457f50 of 132 bytes failed: Only part of a ReadProcessMemory or WriteProcessMemory request was completed. (0x12B)
[0628/193741.744:ERROR:process_memory_win.cc(73)] ReadMemory at 0x13bbb4580e0 of 60 bytes failed: Only part of a ReadProcessMemory or WriteProcessMemory request was completed. (0x12B)
[0628/193741.744:ERROR:process_memory_win.cc(73)] ReadMemory at 0x13bbb45a980 of 132 bytes failed: Only part of a ReadProcessMemory or WriteProcessMemory request was completed. (0x12B)
[0628/193741.744:ERROR:process_memory_win.cc(73)] ReadMemory at 0x13bbb45d920 of 64 bytes failed: Only part of a ReadProcessMemory or WriteProcessMemory request was completed. (0x12B)
[0628/193741.744:ERROR:process_memory_win.cc(73)] ReadMemory at 0x13bbb45db50 of 60 bytes failed: Only part of a ReadProcessMemory or WriteProcessMemory request was completed. (0x12B)
[0628/193741.744:ERROR:process_memory_win.cc(73)] ReadMemory at 0x13bbb45dba0 of 62 bytes failed: Only part of a ReadProcessMemory or WriteProcessMemory request was completed. (0x12B)
[0628/193741.744:ERROR:process_memory_win.cc(73)] ReadMemory at 0x13bbb45dbf0 of 64 bytes failed: Only part of a ReadProcessMemory or WriteProcessMemory request was completed. (0x12B)
[0628/193741.744:ERROR:process_memory_win.cc(73)] ReadMemory at 0x13bbb45dd80 of 66 bytes failed: Only part of a ReadProcessMemory or WriteProcessMemory request was completed. (0x12B)
[0628/193741.744:ERROR:process_memory_win.cc(73)] ReadMemory at 0x13bbb45ddd0 of 64 bytes failed: Only part of a ReadProcessMemory or WriteProcessMemory request was completed. (0x12B)
[0628/193741.744:ERROR:process_memory_win.cc(73)] ReadMemory at 0x13bbb45de20 of 62 bytes failed: Only part of a ReadProcessMemory or WriteProcessMemory request was completed. (0x12B)
[0628/193741.744:ERROR:process_memory_win.cc(73)] ReadMemory at 0x13bbb45de70 of 64 bytes failed: Only part of a ReadProcessMemory or WriteProcessMemory request was completed. (0x12B)
[0628/193741.745:ERROR:process_memory_win.cc(73)] ReadMemory at 0x13bbb45df10 of 60 bytes failed: Only part of a ReadProcessMemory or WriteProcessMemory request was completed. (0x12B)
[0628/193741.745:ERROR:process_memory_win.cc(73)] ReadMemory at 0x13bbb45e090 of 76 bytes failed: Only part of a ReadProcessMemory or WriteProcessMemory request was completed. (0x12B)
[0628/193741.745:ERROR:process_memory_win.cc(73)] ReadMemory at 0x13bbb45e7b0 of 80 bytes failed: Only part of a ReadProcessMemory or WriteProcessMemory request was completed. (0x12B)
[0628/193741.745:ERROR:process_memory_win.cc(73)] ReadMemory at 0x13bbb4607e0 of 146 bytes failed: Only part of a ReadProcessMemory or WriteProcessMemory request was completed. (0x12B)
[0628/193741.745:ERROR:process_memory_win.cc(73)] ReadMemory at 0x13bbb4611c0 of 132 bytes failed: Only part of a ReadProcessMemory or WriteProcessMemory request was completed. (0x12B)
[0628/193741.745:ERROR:process_memory_win.cc(73)] ReadMemory at 0x13bbb461c80 of 132 bytes failed: Only part of a ReadProcessMemory or WriteProcessMemory request was completed. (0x12B)
[0628/193741.788:ERROR:process_memory_win.cc(73)] ReadMemory at 0x13bbb462b40 of 54 bytes failed: Only part of a ReadProcessMemory or WriteProcessMemory request was completed. (0x12B)
[0628/193741.788:ERROR:process_memory_win.cc(73)] ReadMemory at 0x13bbb463ee0 of 132 bytes failed: Only part of a ReadProcessMemory or WriteProcessMemory request was completed. (0x12B)
[0628/193741.788:ERROR:process_memory_win.cc(73)] ReadMemory at 0x13bbb4646d0 of 132 bytes failed: Only part of a ReadProcessMemory or WriteProcessMemory request was completed. (0x12B)
[0628/193741.793:ERROR:process_memory_win.cc(73)] ReadMemory at 0x13bbb464800 of 132 bytes failed: Only part of a ReadProcessMemory or WriteProcessMemory request was completed. (0x12B)
[0628/193741.793:ERROR:process_memory_win.cc(73)] ReadMemory at 0x13bbb464a20 of 132 bytes failed: Only part of a ReadProcessMemory or WriteProcessMemory request was completed. (0x12B)
[0628/193741.793:ERROR:process_memory_win.cc(73)] ReadMemory at 0x13bbb464d80 of 132 bytes failed: Only part of a ReadProcessMemory or WriteProcessMemory request was completed. (0x12B)
[0628/193741.794:ERROR:process_memory_win.cc(73)] ReadMemory at 0x13bbb467a40 of 132 bytes failed: Only part of a ReadProcessMemory or WriteProcessMemory request was completed. (0x12B)
[0628/193741.794:ERROR:process_memory_win.cc(73)] ReadMemory at 0x13bbb467b70 of 132 bytes failed: Only part of a ReadProcessMemory or WriteProcessMemory request was completed. (0x12B)
[0628/193741.794:ERROR:process_memory_win.cc(73)] ReadMemory at 0x13bbb467ca0 of 132 bytes failed: Only part of a ReadProcessMemory or WriteProcessMemory request was completed. (0x12B)
[0628/193741.794:ERROR:process_memory_win.cc(73)] ReadMemory at 0x13bbb467dd0 of 132 bytes failed: Only part of a ReadProcessMemory or WriteProcessMemory request was completed. (0x12B)
[0628/193741.794:ERROR:process_memory_win.cc(73)] ReadMemory at 0x13bbb467f00 of 132 bytes failed: Only part of a ReadProcessMemory or WriteProcessMemory request was completed. (0x12B)
[0628/193741.794:ERROR:process_memory_win.cc(73)] ReadMemory at 0x13bbb468030 of 132 bytes failed: Only part of a ReadProcessMemory or WriteProcessMemory request was completed. (0x12B)
[0628/193741.875:ERROR:process_memory_win.cc(73)] ReadMemory at 0x13bbb468290 of 132 bytes failed: Only part of a ReadProcessMemory or WriteProcessMemory request was completed. (0x12B)
[0628/193742.812:ERROR:process_memory_win.cc(73)] ReadMemory at 0x13bbb4683c0 of 132 bytes failed: Only part of a ReadProcessMemory or WriteProcessMemory request was completed. (0x12B)
[0628/193742.813:ERROR:process_memory_win.cc(73)] ReadMemory at 0x13bbb4684f0 of 132 bytes failed: Only part of a ReadProcessMemory or WriteProcessMemory request was completed. (0x12B)
[0628/193742.813:ERROR:process_memory_win.cc(73)] ReadMemory at 0x13bbb468620 of 132 bytes failed: Only part of a ReadProcessMemory or WriteProcessMemory request was completed. (0x12B)
[0628/193742.813:ERROR:process_memory_win.cc(73)] ReadMemory at 0x13bbb468750 of 132 bytes failed: Only part of a ReadProcessMemory or WriteProcessMemory request was completed. (0x12B)
[0628/193742.813:ERROR:process_memory_win.cc(73)] ReadMemory at 0x13bbb468880 of 132 bytes failed: Only part of a ReadProcessMemory or WriteProcessMemory request was completed. (0x12B)
[0628/193742.814:ERROR:process_memory_win.cc(73)] ReadMemory at 0x13bbb4691e0 of 64 bytes failed: Only part of a ReadProcessMemory or WriteProcessMemory request was completed. (0x12B)
[0628/193742.814:ERROR:process_memory_win.cc(73)] ReadMemory at 0x13bbb469500 of 62 bytes failed: Only part of a ReadProcessMemory or WriteProcessMemory request was completed. (0x12B)
[0628/193742.814:ERROR:process_memory_win.cc(73)] ReadMemory at 0x13bbb469690 of 58 bytes failed: Only part of a ReadProcessMemory or WriteProcessMemory request was completed. (0x12B)
[0628/193742.814:ERROR:process_memory_win.cc(73)] ReadMemory at 0x13bbb4696e0 of 60 bytes failed: Only part of a ReadProcessMemory or WriteProcessMemory request was completed. (0x12B)
[0628/193742.814:ERROR:process_memory_win.cc(73)] ReadMemory at 0x13bbb4697d0 of 62 bytes failed: Only part of a ReadProcessMemory or WriteProcessMemory request was completed. (0x12B)
[0628/193742.904:ERROR:process_memory_win.cc(73)] ReadMemory at 0x13bbb469870 of 62 bytes failed: Only part of a ReadProcessMemory or WriteProcessMemory request was completed. (0x12B)
[0628/193742.904:ERROR:process_memory_win.cc(73)] ReadMemory at 0x13bbb4698c0 of 60 bytes failed: Only part of a ReadProcessMemory or WriteProcessMemory request was completed. (0x12B)
[0628/193742.904:ERROR:process_memory_win.cc(73)] ReadMemory at 0x13bbb469910 of 62 bytes failed: Only part of a ReadProcessMemory or WriteProcessMemory request was completed. (0x12B)
[0628/193742.904:ERROR:process_memory_win.cc(73)] ReadMemory at 0x13bbb469a00 of 62 bytes failed: Only part of a ReadProcessMemory or WriteProcessMemory request was completed. (0x12B)
[0628/193742.904:ERROR:process_memory_win.cc(73)] ReadMemory at 0x13bbb469aa0 of 62 bytes failed: Only part of a ReadProcessMemory or WriteProcessMemory request was completed. (0x12B)
[0628/193742.904:ERROR:process_memory_win.cc(73)] ReadMemory at 0x13bbb469af0 of 66 bytes failed: Only part of a ReadProcessMemory or WriteProcessMemory request was completed. (0x12B)
[0628/193742.921:ERROR:process_memory_win.cc(73)] ReadMemory at 0x13bbb469b40 of 62 bytes failed: Only part of a ReadProcessMemory or WriteProcessMemory request was completed. (0x12B)
[0628/193742.921:ERROR:process_memory_win.cc(73)] ReadMemory at 0x13bbb469b90 of 60 bytes failed: Only part of a ReadProcessMemory or WriteProcessMemory request was completed. (0x12B)
[0628/193742.921:ERROR:process_memory_win.cc(73)] ReadMemory at 0x13bbb469be0 of 60 bytes failed: Only part of a ReadProcessMemory or WriteProcessMemory request was completed. (0x12B)
[0628/193742.921:ERROR:process_memory_win.cc(73)] ReadMemory at 0x13bbb469c80 of 62 bytes failed: Only part of a ReadProcessMemory or WriteProcessMemory request was completed. (0x12B)
[0628/193742.922:ERROR:process_memory_win.cc(73)] ReadMemory at 0x13bbb469cd0 of 64 bytes failed: Only part of a ReadProcessMemory or WriteProcessMemory request was completed. (0x12B)
[0628/193742.922:ERROR:process_memory_win.cc(73)] ReadMemory at 0x13bbb469d70 of 64 bytes failed: Only part of a ReadProcessMemory or WriteProcessMemory request was completed. (0x12B)
[0628/193742.922:ERROR:process_memory_win.cc(73)] ReadMemory at 0x13bbb469e60 of 64 bytes failed: Only part of a ReadProcessMemory or WriteProcessMemory request was completed. (0x12B)
[0628/193742.922:ERROR:process_memory_win.cc(73)] ReadMemory at 0x13bbb46a430 of 132 bytes failed: Only part of a ReadProcessMemory or WriteProcessMemory request was completed. (0x12B)
[0628/193742.922:ERROR:process_memory_win.cc(73)] ReadMemory at 0x13bbb46a690 of 132 bytes failed: Only part of a ReadProcessMemory or WriteProcessMemory request was completed. (0x12B)
[0628/193742.922:ERROR:process_memory_win.cc(73)] ReadMemory at 0x13bbb46a8f0 of 132 bytes failed: Only part of a ReadProcessMemory or WriteProcessMemory request was completed. (0x12B)
[0628/193742.922:ERROR:process_memory_win.cc(73)] ReadMemory at 0x13bbb46ab50 of 132 bytes failed: Only part of a ReadProcessMemory or WriteProcessMemory request was completed. (0x12B)
[0628/193742.922:ERROR:process_memory_win.cc(73)] ReadMemory at 0x13bbb46ac80 of 132 bytes failed: Only part of a ReadProcessMemory or WriteProcessMemory request was completed. (0x12B)
[0628/193742.922:ERROR:process_memory_win.cc(73)] ReadMemory at 0x13bbb46adb0 of 132 bytes failed: Only part of a ReadProcessMemory or WriteProcessMemory request was completed. (0x12B)
[0628/193742.922:ERROR:process_memory_win.cc(73)] ReadMemory at 0x13bbb46b140 of 132 bytes failed: Only part of a ReadProcessMemory or WriteProcessMemory request was completed. (0x12B)
[0628/193742.922:ERROR:process_memory_win.cc(73)] ReadMemory at 0x13bbb46b270 of 132 bytes failed: Only part of a ReadProcessMemory or WriteProcessMemory request was completed. (0x12B)
[0628/193742.923:ERROR:process_memory_win.cc(73)] ReadMemory at 0x13bbb46b3a0 of 132 bytes failed: Only part of a ReadProcessMemory or WriteProcessMemory request was completed. (0x12B)
[0628/193742.923:ERROR:process_memory_win.cc(73)] ReadMemory at 0x13bbb46bbf0 of 132 bytes failed: Only part of a ReadProcessMemory or WriteProcessMemory request was completed. (0x12B)
[0628/193742.923:ERROR:process_memory_win.cc(73)] ReadMemory at 0x13bbb46bd20 of 132 bytes failed: Only part of a ReadProcessMemory or WriteProcessMemory request was completed. (0x12B)
[0628/193742.923:ERROR:process_memory_win.cc(73)] ReadMemory at 0x13bbb4807a0 of 512 bytes failed: Only part of a ReadProcessMemory or WriteProcessMemory request was completed. (0x12B)
[0628/193742.923:ERROR:process_memory_win.cc(73)] ReadMemory at 0x13bbb481d60 of 512 bytes failed: Only part of a ReadProcessMemory or WriteProcessMemory request was completed. (0x12B)
[0628/193742.923:ERROR:process_memory_win.cc(73)] ReadMemory at 0x13bbbc60000 of 384 bytes failed: Only part of a ReadProcessMemory or WriteProcessMemory request was completed. (0x12B)
[0628/193742.923:ERROR:process_memory_win.cc(73)] ReadMemory at 0x13bbbca1ea0 of 512 bytes failed: Only part of a ReadProcessMemory or WriteProcessMemory request was completed. (0x12B)
[0628/193742.923:ERROR:process_memory_win.cc(73)] ReadMemory at 0x13bbbcb57d0 of 712 bytes failed: Only part of a ReadProcessMemory or WriteProcessMemory request was completed. (0x12B)
[0628/193742.939:ERROR:process_memory_win.cc(73)] ReadMemory at 0x13bbbcba2b0 of 512 bytes failed: Only part of a ReadProcessMemory or WriteProcessMemory request was completed. (0x12B)
[0628/193742.939:ERROR:process_memory_win.cc(73)] ReadMemory at 0x13bbbcf79e0 of 512 bytes failed: Only part of a ReadProcessMemory or WriteProcessMemory request was completed. (0x12B)
[0628/193742.939:ERROR:process_memory_win.cc(73)] ReadMemory at 0x13bbd333aa0 of 512 bytes failed: Only part of a ReadProcessMemory or WriteProcessMemory request was completed. (0x12B)
[0628/193742.939:ERROR:process_memory_win.cc(73)] ReadMemory at 0x13bbd336b70 of 512 bytes failed: Only part of a ReadProcessMemory or WriteProcessMemory request was completed. (0x12B)
[0628/193742.939:ERROR:process_memory_win.cc(73)] ReadMemory at 0x13bbf860680 of 512 bytes failed: Only part of a ReadProcessMemory or WriteProcessMemory request was completed. (0x12B)
[0628/193742.939:ERROR:process_memory_win.cc(73)] ReadMemory at 0x13bcf447090 of 512 bytes failed: Only part of a ReadProcessMemory or WriteProcessMemory request was completed. (0x12B)
[0628/193742.982:ERROR:process_memory_win.cc(73)] ReadMemory at 0x13bd3a52381 of 512 bytes failed: Only part of a ReadProcessMemory or WriteProcessMemory request was completed. (0x12B)
[0628/193742.983:ERROR:process_memory_win.cc(73)] ReadMemory at 0x13be253f810 of 512 bytes failed: Only part of a ReadProcessMemory or WriteProcessMemory request was completed. (0x12B)
[0628/193742.983:ERROR:process_memory_win.cc(73)] ReadMemory at 0x13bf3dae903 of 512 bytes failed: Only part of a ReadProcessMemory or WriteProcessMemory request was completed. (0x12B)
[0628/193742.983:ERROR:process_memory_win.cc(73)] ReadMemory at 0x31d3b48137cc of 512 bytes failed: Only part of a ReadProcessMemory or WriteProcessMemory request was completed. (0x12B)
[0628/193742.983:ERROR:process_memory_win.cc(73)] ReadMemory at 0x350a08040669 of 512 bytes failed: Only part of a ReadProcessMemory or WriteProcessMemory request was completed. (0x12B)
[0628/193742.983:ERROR:process_memory_win.cc(73)] ReadMemory at 0x350a0ac1cf45 of 512 bytes failed: Only part of a ReadProcessMemory or WriteProcessMemory request was completed. (0x12B)
[0628/193742.983:ERROR:process_memory_win.cc(73)] ReadMemory at 0x7ff82d9e79a5 of 512 bytes failed: Only part of a ReadProcessMemory or WriteProcessMemory request was completed. (0x12B)
[0628/193742.983:ERROR:process_memory_win.cc(73)] ReadMemory at 0x7ff82d9e8180 of 512 bytes failed: Only part of a ReadProcessMemory or WriteProcessMemory request was completed. (0x12B)
[0628/193742.983:ERROR:process_memory_win.cc(73)] ReadMemory at 0x7ff84a89c074 of 672 bytes failed: Only part of a ReadProcessMemory or WriteProcessMemory request was completed. (0x12B)
[0628/193742.983:ERROR:process_memory_win.cc(73)] ReadMemory at 0x7ff84a89f924 of 608 bytes failed: Only part of a ReadProcessMemory or WriteProcessMemory request was completed. (0x12B)
[0628/193742.983:ERROR:process_memory_win.cc(73)] ReadMemory at 0x7ff84a92c428 of 18 bytes failed: Only part of a ReadProcessMemory or WriteProcessMemory request was completed. (0x12B)
[0628/193742.983:ERROR:process_memory_win.cc(73)] ReadMemory at 0x7ff84a95f4f8 of 40 bytes failed: Only part of a ReadProcessMemory or WriteProcessMemory request was completed. (0x12B)
[0628/193742.984:ERROR:process_memory_win.cc(73)] ReadMemory at 0x7ff84a95f978 of 48 bytes failed: Only part of a ReadProcessMemory or WriteProcessMemory request was completed. (0x12B)
[0628/193742.984:ERROR:process_memory_win.cc(73)] ReadMemory at 0x7ff84a9653c0 of 64 bytes failed: Only part of a ReadProcessMemory or WriteProcessMemory request was completed. (0x12B)
[0628/193742.984:ERROR:process_memory_win.cc(73)] ReadMemory at 0x7ffff4c00000 of 384 bytes failed: Only part of a ReadProcessMemory or WriteProcessMemory request was completed. (0x12B)
[0628/193742.984:ERROR:process_memory_win.cc(73)] ReadMemory at 0x7ffff6aff5d3 of 512 bytes failed: Only part of a ReadProcessMemory or WriteProcessMemory request was completed. (0x12B)
[0628/193742.984:ERROR:process_memory_win.cc(73)] ReadMemory at 0x7ffff8388ec0 of 512 bytes failed: Only part of a ReadProcessMemory or WriteProcessMemory request was completed. (0x12B)
[0628/193742.984:ERROR:process_memory_win.cc(73)] ReadMemory at 0x7ffffb2c5b50 of 512 bytes failed: Only part of a ReadProcessMemory or WriteProcessMemory request was completed. (0x12B)
[0628/193743.355:ERROR:scoped_process_suspend.cc(40)] NtResumeProcess: An attempt was made to access an exiting process. (0xc000010a)
